<?xml version="1.0" encoding="UTF-8"?>
<!-- Generated by org.testng.reporters.JUnitReportReporter -->
<testsuite skipped="0" hostname="DESKTOP-MHLJSEP" name="practise.AppiumFramework.ApiDemoTest1" tests="1" failures="0" timestamp="2021-02-15T19:24:52 IST" time="21.071" errors="0">
  <testcase name="totalValidation" time="21.071" classname="practise.AppiumFramework.ApiDemoTest1"/>
  <system-out/>
</testsuite> <!-- practise.AppiumFramework.ApiDemoTest1 -->
